{"C:\\Users\\Ravindra Pawar\\Desktop\\@Dreams\\SuperCoder\\Nodejs\\Assignment08\\testCases.js": {"path":"C:\\Users\\Ravindra Pawar\\Desktop\\@Dreams\\SuperCoder\\Nodejs\\Assignment08\\testCases.js","all":false,"statementMap":{"0":{"start":{"line":1,"column":0},"end":{"line":1,"column":67}},"1":{"start":{"line":2,"column":0},"end":{"line":2,"column":0}},"2":{"start":{"line":3,"column":0},"end":{"line":3,"column":18}},"3":{"start":{"line":4,"column":0},"end":{"line":4,"column":0}},"4":{"start":{"line":5,"column":0},"end":{"line":5,"column":39}},"5":{"start":{"line":6,"column":0},"end":{"line":6,"column":45}},"6":{"start":{"line":7,"column":0},"end":{"line":7,"column":5}},"7":{"start":{"line":8,"column":0},"end":{"line":8,"column":0}},"8":{"start":{"line":9,"column":0},"end":{"line":9,"column":55}},"9":{"start":{"line":10,"column":0},"end":{"line":10,"column":19}},"10":{"start":{"line":11,"column":0},"end":{"line":11,"column":5}},"11":{"start":{"line":12,"column":0},"end":{"line":12,"column":0}},"12":{"start":{"line":13,"column":0},"end":{"line":13,"column":29}},"13":{"start":{"line":14,"column":0},"end":{"line":14,"column":42}},"14":{"start":{"line":15,"column":0},"end":{"line":15,"column":5}},"15":{"start":{"line":16,"column":0},"end":{"line":16,"column":0}},"16":{"start":{"line":17,"column":0},"end":{"line":17,"column":0}},"17":{"start":{"line":18,"column":0},"end":{"line":18,"column":15}},"18":{"start":{"line":19,"column":0},"end":{"line":19,"column":1}},"19":{"start":{"line":20,"column":0},"end":{"line":20,"column":0}},"20":{"start":{"line":21,"column":0},"end":{"line":21,"column":18}},"21":{"start":{"line":22,"column":0},"end":{"line":22,"column":0}},"22":{"start":{"line":23,"column":0},"end":{"line":23,"column":39}},"23":{"start":{"line":24,"column":0},"end":{"line":24,"column":45}},"24":{"start":{"line":25,"column":0},"end":{"line":25,"column":5}},"25":{"start":{"line":26,"column":0},"end":{"line":26,"column":0}},"26":{"start":{"line":27,"column":0},"end":{"line":27,"column":55}},"27":{"start":{"line":28,"column":0},"end":{"line":28,"column":19}},"28":{"start":{"line":29,"column":0},"end":{"line":29,"column":5}},"29":{"start":{"line":30,"column":0},"end":{"line":30,"column":0}},"30":{"start":{"line":31,"column":0},"end":{"line":31,"column":29}},"31":{"start":{"line":32,"column":0},"end":{"line":32,"column":42}},"32":{"start":{"line":33,"column":0},"end":{"line":33,"column":5}},"33":{"start":{"line":34,"column":0},"end":{"line":34,"column":0}},"34":{"start":{"line":35,"column":0},"end":{"line":35,"column":15}},"35":{"start":{"line":36,"column":0},"end":{"line":36,"column":1}},"36":{"start":{"line":37,"column":0},"end":{"line":37,"column":0}},"37":{"start":{"line":38,"column":0},"end":{"line":38,"column":18}},"38":{"start":{"line":39,"column":0},"end":{"line":39,"column":0}},"39":{"start":{"line":40,"column":0},"end":{"line":40,"column":39}},"40":{"start":{"line":41,"column":0},"end":{"line":41,"column":45}},"41":{"start":{"line":42,"column":0},"end":{"line":42,"column":5}},"42":{"start":{"line":43,"column":0},"end":{"line":43,"column":0}},"43":{"start":{"line":44,"column":0},"end":{"line":44,"column":55}},"44":{"start":{"line":45,"column":0},"end":{"line":45,"column":19}},"45":{"start":{"line":46,"column":0},"end":{"line":46,"column":5}},"46":{"start":{"line":47,"column":0},"end":{"line":47,"column":0}},"47":{"start":{"line":48,"column":0},"end":{"line":48,"column":29}},"48":{"start":{"line":49,"column":0},"end":{"line":49,"column":42}},"49":{"start":{"line":50,"column":0},"end":{"line":50,"column":5}},"50":{"start":{"line":51,"column":0},"end":{"line":51,"column":0}},"51":{"start":{"line":52,"column":0},"end":{"line":52,"column":15}},"52":{"start":{"line":53,"column":0},"end":{"line":53,"column":1}},"53":{"start":{"line":54,"column":0},"end":{"line":54,"column":0}},"54":{"start":{"line":55,"column":0},"end":{"line":55,"column":18}},"55":{"start":{"line":56,"column":0},"end":{"line":56,"column":0}},"56":{"start":{"line":57,"column":0},"end":{"line":57,"column":39}},"57":{"start":{"line":58,"column":0},"end":{"line":58,"column":45}},"58":{"start":{"line":59,"column":0},"end":{"line":59,"column":5}},"59":{"start":{"line":60,"column":0},"end":{"line":60,"column":0}},"60":{"start":{"line":61,"column":0},"end":{"line":61,"column":55}},"61":{"start":{"line":62,"column":0},"end":{"line":62,"column":19}},"62":{"start":{"line":63,"column":0},"end":{"line":63,"column":5}},"63":{"start":{"line":64,"column":0},"end":{"line":64,"column":0}},"64":{"start":{"line":65,"column":0},"end":{"line":65,"column":29}},"65":{"start":{"line":66,"column":0},"end":{"line":66,"column":42}},"66":{"start":{"line":67,"column":0},"end":{"line":67,"column":5}},"67":{"start":{"line":68,"column":0},"end":{"line":68,"column":0}},"68":{"start":{"line":69,"column":0},"end":{"line":69,"column":14}},"69":{"start":{"line":70,"column":0},"end":{"line":70,"column":42}},"70":{"start":{"line":71,"column":0},"end":{"line":71,"column":5}},"71":{"start":{"line":72,"column":0},"end":{"line":72,"column":0}},"72":{"start":{"line":73,"column":0},"end":{"line":73,"column":15}},"73":{"start":{"line":74,"column":0},"end":{"line":74,"column":1}},"74":{"start":{"line":75,"column":0},"end":{"line":75,"column":0}},"75":{"start":{"line":76,"column":0},"end":{"line":76,"column":18}},"76":{"start":{"line":77,"column":0},"end":{"line":77,"column":8}},"77":{"start":{"line":78,"column":0},"end":{"line":78,"column":8}},"78":{"start":{"line":79,"column":0},"end":{"line":79,"column":8}},"79":{"start":{"line":80,"column":0},"end":{"line":80,"column":7}},"80":{"start":{"line":81,"column":0},"end":{"line":81,"column":1}}},"s":{"0":1,"1":1,"2":11,"3":11,"4":11,"5":2,"6":2,"7":9,"8":11,"9":2,"10":2,"11":7,"12":11,"13":3,"14":3,"15":4,"16":4,"17":4,"18":4,"19":1,"20":11,"21":11,"22":11,"23":2,"24":2,"25":9,"26":11,"27":2,"28":2,"29":7,"30":11,"31":3,"32":3,"33":4,"34":4,"35":4,"36":1,"37":11,"38":11,"39":11,"40":2,"41":2,"42":9,"43":11,"44":2,"45":2,"46":7,"47":11,"48":3,"49":3,"50":4,"51":4,"52":4,"53":1,"54":11,"55":11,"56":11,"57":2,"58":2,"59":9,"60":11,"61":2,"62":2,"63":7,"64":11,"65":3,"66":3,"67":4,"68":11,"69":1,"70":1,"71":3,"72":3,"73":3,"74":1,"75":1,"76":1,"77":1,"78":1,"79":1,"80":1},"branchMap":{"0":{"type":"branch","line":3,"loc":{"start":{"line":3,"column":0},"end":{"line":19,"column":1}},"locations":[{"start":{"line":3,"column":0},"end":{"line":19,"column":1}}]},"1":{"type":"branch","line":5,"loc":{"start":{"line":5,"column":20},"end":{"line":5,"column":37}},"locations":[{"start":{"line":5,"column":20},"end":{"line":5,"column":37}}]},"2":{"type":"branch","line":5,"loc":{"start":{"line":5,"column":38},"end":{"line":7,"column":5}},"locations":[{"start":{"line":5,"column":38},"end":{"line":7,"column":5}}]},"3":{"type":"branch","line":7,"loc":{"start":{"line":7,"column":4},"end":{"line":9,"column":32}},"locations":[{"start":{"line":7,"column":4},"end":{"line":9,"column":32}}]},"4":{"type":"branch","line":9,"loc":{"start":{"line":9,"column":28},"end":{"line":9,"column":53}},"locations":[{"start":{"line":9,"column":28},"end":{"line":9,"column":53}}]},"5":{"type":"branch","line":9,"loc":{"start":{"line":9,"column":54},"end":{"line":11,"column":5}},"locations":[{"start":{"line":9,"column":54},"end":{"line":11,"column":5}}]},"6":{"type":"branch","line":11,"loc":{"start":{"line":11,"column":4},"end":{"line":13,"column":19}},"locations":[{"start":{"line":11,"column":4},"end":{"line":13,"column":19}}]},"7":{"type":"branch","line":13,"loc":{"start":{"line":13,"column":15},"end":{"line":13,"column":27}},"locations":[{"start":{"line":13,"column":15},"end":{"line":13,"column":27}}]},"8":{"type":"branch","line":13,"loc":{"start":{"line":13,"column":28},"end":{"line":15,"column":5}},"locations":[{"start":{"line":13,"column":28},"end":{"line":15,"column":5}}]},"9":{"type":"branch","line":15,"loc":{"start":{"line":15,"column":4},"end":{"line":19,"column":1}},"locations":[{"start":{"line":15,"column":4},"end":{"line":19,"column":1}}]},"10":{"type":"branch","line":21,"loc":{"start":{"line":21,"column":0},"end":{"line":36,"column":1}},"locations":[{"start":{"line":21,"column":0},"end":{"line":36,"column":1}}]},"11":{"type":"branch","line":23,"loc":{"start":{"line":23,"column":20},"end":{"line":23,"column":37}},"locations":[{"start":{"line":23,"column":20},"end":{"line":23,"column":37}}]},"12":{"type":"branch","line":23,"loc":{"start":{"line":23,"column":38},"end":{"line":25,"column":5}},"locations":[{"start":{"line":23,"column":38},"end":{"line":25,"column":5}}]},"13":{"type":"branch","line":25,"loc":{"start":{"line":25,"column":4},"end":{"line":27,"column":32}},"locations":[{"start":{"line":25,"column":4},"end":{"line":27,"column":32}}]},"14":{"type":"branch","line":27,"loc":{"start":{"line":27,"column":28},"end":{"line":27,"column":53}},"locations":[{"start":{"line":27,"column":28},"end":{"line":27,"column":53}}]},"15":{"type":"branch","line":27,"loc":{"start":{"line":27,"column":54},"end":{"line":29,"column":5}},"locations":[{"start":{"line":27,"column":54},"end":{"line":29,"column":5}}]},"16":{"type":"branch","line":29,"loc":{"start":{"line":29,"column":4},"end":{"line":31,"column":19}},"locations":[{"start":{"line":29,"column":4},"end":{"line":31,"column":19}}]},"17":{"type":"branch","line":31,"loc":{"start":{"line":31,"column":15},"end":{"line":31,"column":27}},"locations":[{"start":{"line":31,"column":15},"end":{"line":31,"column":27}}]},"18":{"type":"branch","line":31,"loc":{"start":{"line":31,"column":28},"end":{"line":33,"column":5}},"locations":[{"start":{"line":31,"column":28},"end":{"line":33,"column":5}}]},"19":{"type":"branch","line":33,"loc":{"start":{"line":33,"column":4},"end":{"line":36,"column":1}},"locations":[{"start":{"line":33,"column":4},"end":{"line":36,"column":1}}]},"20":{"type":"branch","line":38,"loc":{"start":{"line":38,"column":0},"end":{"line":53,"column":1}},"locations":[{"start":{"line":38,"column":0},"end":{"line":53,"column":1}}]},"21":{"type":"branch","line":40,"loc":{"start":{"line":40,"column":20},"end":{"line":40,"column":37}},"locations":[{"start":{"line":40,"column":20},"end":{"line":40,"column":37}}]},"22":{"type":"branch","line":40,"loc":{"start":{"line":40,"column":38},"end":{"line":42,"column":5}},"locations":[{"start":{"line":40,"column":38},"end":{"line":42,"column":5}}]},"23":{"type":"branch","line":42,"loc":{"start":{"line":42,"column":4},"end":{"line":44,"column":32}},"locations":[{"start":{"line":42,"column":4},"end":{"line":44,"column":32}}]},"24":{"type":"branch","line":44,"loc":{"start":{"line":44,"column":28},"end":{"line":44,"column":53}},"locations":[{"start":{"line":44,"column":28},"end":{"line":44,"column":53}}]},"25":{"type":"branch","line":44,"loc":{"start":{"line":44,"column":54},"end":{"line":46,"column":5}},"locations":[{"start":{"line":44,"column":54},"end":{"line":46,"column":5}}]},"26":{"type":"branch","line":46,"loc":{"start":{"line":46,"column":4},"end":{"line":48,"column":19}},"locations":[{"start":{"line":46,"column":4},"end":{"line":48,"column":19}}]},"27":{"type":"branch","line":48,"loc":{"start":{"line":48,"column":15},"end":{"line":48,"column":27}},"locations":[{"start":{"line":48,"column":15},"end":{"line":48,"column":27}}]},"28":{"type":"branch","line":48,"loc":{"start":{"line":48,"column":28},"end":{"line":50,"column":5}},"locations":[{"start":{"line":48,"column":28},"end":{"line":50,"column":5}}]},"29":{"type":"branch","line":50,"loc":{"start":{"line":50,"column":4},"end":{"line":53,"column":1}},"locations":[{"start":{"line":50,"column":4},"end":{"line":53,"column":1}}]},"30":{"type":"branch","line":55,"loc":{"start":{"line":55,"column":0},"end":{"line":74,"column":1}},"locations":[{"start":{"line":55,"column":0},"end":{"line":74,"column":1}}]},"31":{"type":"branch","line":57,"loc":{"start":{"line":57,"column":20},"end":{"line":57,"column":37}},"locations":[{"start":{"line":57,"column":20},"end":{"line":57,"column":37}}]},"32":{"type":"branch","line":57,"loc":{"start":{"line":57,"column":38},"end":{"line":59,"column":5}},"locations":[{"start":{"line":57,"column":38},"end":{"line":59,"column":5}}]},"33":{"type":"branch","line":59,"loc":{"start":{"line":59,"column":4},"end":{"line":61,"column":32}},"locations":[{"start":{"line":59,"column":4},"end":{"line":61,"column":32}}]},"34":{"type":"branch","line":61,"loc":{"start":{"line":61,"column":28},"end":{"line":61,"column":53}},"locations":[{"start":{"line":61,"column":28},"end":{"line":61,"column":53}}]},"35":{"type":"branch","line":61,"loc":{"start":{"line":61,"column":54},"end":{"line":63,"column":5}},"locations":[{"start":{"line":61,"column":54},"end":{"line":63,"column":5}}]},"36":{"type":"branch","line":63,"loc":{"start":{"line":63,"column":4},"end":{"line":65,"column":19}},"locations":[{"start":{"line":63,"column":4},"end":{"line":65,"column":19}}]},"37":{"type":"branch","line":65,"loc":{"start":{"line":65,"column":15},"end":{"line":65,"column":27}},"locations":[{"start":{"line":65,"column":15},"end":{"line":65,"column":27}}]},"38":{"type":"branch","line":65,"loc":{"start":{"line":65,"column":28},"end":{"line":67,"column":5}},"locations":[{"start":{"line":65,"column":28},"end":{"line":67,"column":5}}]},"39":{"type":"branch","line":67,"loc":{"start":{"line":67,"column":4},"end":{"line":69,"column":13}},"locations":[{"start":{"line":67,"column":4},"end":{"line":69,"column":13}}]},"40":{"type":"branch","line":69,"loc":{"start":{"line":69,"column":13},"end":{"line":71,"column":5}},"locations":[{"start":{"line":69,"column":13},"end":{"line":71,"column":5}}]},"41":{"type":"branch","line":71,"loc":{"start":{"line":71,"column":4},"end":{"line":74,"column":1}},"locations":[{"start":{"line":71,"column":4},"end":{"line":74,"column":1}}]}},"b":{"0":[11],"1":[10],"2":[2],"3":[9],"4":[8],"5":[2],"6":[7],"7":[5],"8":[3],"9":[4],"10":[11],"11":[10],"12":[2],"13":[9],"14":[8],"15":[2],"16":[7],"17":[5],"18":[3],"19":[4],"20":[11],"21":[10],"22":[2],"23":[9],"24":[8],"25":[2],"26":[7],"27":[5],"28":[3],"29":[4],"30":[11],"31":[10],"32":[2],"33":[9],"34":[8],"35":[2],"36":[7],"37":[5],"38":[3],"39":[4],"40":[1],"41":[3]},"fnMap":{"0":{"name":"add","decl":{"start":{"line":3,"column":0},"end":{"line":19,"column":1}},"loc":{"start":{"line":3,"column":0},"end":{"line":19,"column":1}},"line":3},"1":{"name":"sub","decl":{"start":{"line":21,"column":0},"end":{"line":36,"column":1}},"loc":{"start":{"line":21,"column":0},"end":{"line":36,"column":1}},"line":21},"2":{"name":"mul","decl":{"start":{"line":38,"column":0},"end":{"line":53,"column":1}},"loc":{"start":{"line":38,"column":0},"end":{"line":53,"column":1}},"line":38},"3":{"name":"div","decl":{"start":{"line":55,"column":0},"end":{"line":74,"column":1}},"loc":{"start":{"line":55,"column":0},"end":{"line":74,"column":1}},"line":55}},"f":{"0":11,"1":11,"2":11,"3":11}}
}
