TN:
SF:testCases.js
FN:3,add
FN:21,sub
FN:38,mul
FN:55,div
FNF:4
FNH:4
FNDA:11,add
FNDA:11,sub
FNDA:11,mul
FNDA:11,div
DA:1,1
DA:2,1
DA:3,11
DA:4,11
DA:5,11
DA:6,2
DA:7,2
DA:8,9
DA:9,11
DA:10,2
DA:11,2
DA:12,7
DA:13,11
DA:14,3
DA:15,3
DA:16,4
DA:17,4
DA:18,4
DA:19,4
DA:20,1
DA:21,11
DA:22,11
DA:23,11
DA:24,2
DA:25,2
DA:26,9
DA:27,11
DA:28,2
DA:29,2
DA:30,7
DA:31,11
DA:32,3
DA:33,3
DA:34,4
DA:35,4
DA:36,4
DA:37,1
DA:38,11
DA:39,11
DA:40,11
DA:41,2
DA:42,2
DA:43,9
DA:44,11
DA:45,2
DA:46,2
DA:47,7
DA:48,11
DA:49,3
DA:50,3
DA:51,4
DA:52,4
DA:53,4
DA:54,1
DA:55,11
DA:56,11
DA:57,11
DA:58,2
DA:59,2
DA:60,9
DA:61,11
DA:62,2
DA:63,2
DA:64,7
DA:65,11
DA:66,3
DA:67,3
DA:68,4
DA:69,11
DA:70,1
DA:71,1
DA:72,3
DA:73,3
DA:74,3
DA:75,1
DA:76,1
DA:77,1
DA:78,1
DA:79,1
DA:80,1
DA:81,1
LF:81
LH:81
BRDA:3,0,0,11
BRDA:5,1,0,10
BRDA:5,2,0,2
BRDA:7,3,0,9
BRDA:9,4,0,8
BRDA:9,5,0,2
BRDA:11,6,0,7
BRDA:13,7,0,5
BRDA:13,8,0,3
BRDA:15,9,0,4
BRDA:21,10,0,11
BRDA:23,11,0,10
BRDA:23,12,0,2
BRDA:25,13,0,9
BRDA:27,14,0,8
BRDA:27,15,0,2
BRDA:29,16,0,7
BRDA:31,17,0,5
BRDA:31,18,0,3
BRDA:33,19,0,4
BRDA:38,20,0,11
BRDA:40,21,0,10
BRDA:40,22,0,2
BRDA:42,23,0,9
BRDA:44,24,0,8
BRDA:44,25,0,2
BRDA:46,26,0,7
BRDA:48,27,0,5
BRDA:48,28,0,3
BRDA:50,29,0,4
BRDA:55,30,0,11
BRDA:57,31,0,10
BRDA:57,32,0,2
BRDA:59,33,0,9
BRDA:61,34,0,8
BRDA:61,35,0,2
BRDA:63,36,0,7
BRDA:65,37,0,5
BRDA:65,38,0,3
BRDA:67,39,0,4
BRDA:69,40,0,1
BRDA:71,41,0,3
BRF:42
BRH:42
end_of_record
